<?xml version="1.0" encoding="UTF-8"?>
<testng-results ignored="0" total="1" passed="1" failed="0" skipped="0">
  <reporter-output>
  </reporter-output>
  <suite started-at="2025-06-23T13:57:58 IST" name="Default suite" finished-at="2025-06-23T13:58:02 IST" duration-ms="4912">
    <groups>
    </groups>
    <test started-at="2025-06-23T13:57:58 IST" name="Default test" finished-at="2025-06-23T13:58:02 IST" duration-ms="4912">
      <class name="ExtentReport.AddScreenShotinReport">
        <test-method signature="addScreenShot()[pri:0, instance:ExtentReport.AddScreenShotinReport@128d2484]" started-at="2025-06-23T13:57:58 IST" name="addScreenShot" finished-at="2025-06-23T13:58:02 IST" duration-ms="4869" status="PASS">
          <reporter-output>
          </reporter-output>
        </test-method> <!-- addScreenShot -->
      </class> <!-- ExtentReport.AddScreenShotinReport -->
    </test> <!-- Default test -->
  </suite> <!-- Default suite -->
</testng-results>
